{"C:\\Users\\ivan_\\Desktop\\PROYECTO RED SOCIAL\\LIM008-social-network\\src\\lib\\controller.js": {"path":"C:\\Users\\ivan_\\Desktop\\PROYECTO RED SOCIAL\\LIM008-social-network\\src\\lib\\controller.js","statementMap":{"0":{"start":{"line":1,"column":42},"end":{"line":18,"column":1}},"1":{"start":{"line":2,"column":2},"end":{"line":17,"column":7}},"2":{"start":{"line":13,"column":22},"end":{"line":13,"column":32}},"3":{"start":{"line":14,"column":25},"end":{"line":14,"column":38}},"4":{"start":{"line":16,"column":6},"end":{"line":16,"column":43}},"5":{"start":{"line":20,"column":34},"end":{"line":21,"column":61}},"6":{"start":{"line":21,"column":2},"end":{"line":21,"column":61}},"7":{"start":{"line":24,"column":31},"end":{"line":35,"column":1}},"8":{"start":{"line":25,"column":19},"end":{"line":25,"column":57}},"9":{"start":{"line":30,"column":2},"end":{"line":34,"column":5}},"10":{"start":{"line":33,"column":4},"end":{"line":33,"column":11}},"11":{"start":{"line":38,"column":33},"end":{"line":47,"column":1}},"12":{"start":{"line":39,"column":17},"end":{"line":39,"column":57}},"13":{"start":{"line":40,"column":2},"end":{"line":46,"column":5}},"14":{"start":{"line":41,"column":4},"end":{"line":41,"column":11}},"15":{"start":{"line":43,"column":4},"end":{"line":43,"column":34}},"16":{"start":{"line":45,"column":4},"end":{"line":45,"column":10}},"17":{"start":{"line":49,"column":23},"end":{"line":53,"column":4}},"18":{"start":{"line":50,"column":2},"end":{"line":53,"column":4}},"19":{"start":{"line":55,"column":23},"end":{"line":63,"column":6}},"20":{"start":{"line":56,"column":2},"end":{"line":63,"column":6}},"21":{"start":{"line":58,"column":19},"end":{"line":58,"column":21}},"22":{"start":{"line":59,"column":6},"end":{"line":61,"column":9}},"23":{"start":{"line":60,"column":8},"end":{"line":60,"column":49}},"24":{"start":{"line":62,"column":6},"end":{"line":62,"column":21}},"25":{"start":{"line":65,"column":26},"end":{"line":66,"column":63}},"26":{"start":{"line":66,"column":2},"end":{"line":66,"column":63}},"27":{"start":{"line":72,"column":24},"end":{"line":81,"column":1}},"28":{"start":{"line":73,"column":22},"end":{"line":73,"column":74}},"29":{"start":{"line":75,"column":2},"end":{"line":80,"column":7}},"30":{"start":{"line":79,"column":6},"end":{"line":79,"column":56}},"31":{"start":{"line":84,"column":27},"end":{"line":90,"column":1}},"32":{"start":{"line":85,"column":2},"end":{"line":89,"column":23}},"33":{"start":{"line":87,"column":23},"end":{"line":87,"column":45}},"34":{"start":{"line":88,"column":6},"end":{"line":88,"column":22}},"35":{"start":{"line":93,"column":29},"end":{"line":98,"column":1}},"36":{"start":{"line":94,"column":22},"end":{"line":94,"column":74}},"37":{"start":{"line":95,"column":2},"end":{"line":97,"column":5}}},"fnMap":{"0":{"name":"(anonymous_0)","decl":{"start":{"line":1,"column":42},"end":{"line":1,"column":43}},"loc":{"start":{"line":1,"column":67},"end":{"line":18,"column":1}},"line":1},"1":{"name":"(anonymous_1)","decl":{"start":{"line":12,"column":11},"end":{"line":12,"column":12}},"loc":{"start":{"line":12,"column":27},"end":{"line":17,"column":5}},"line":12},"2":{"name":"(anonymous_2)","decl":{"start":{"line":20,"column":34},"end":{"line":20,"column":35}},"loc":{"start":{"line":21,"column":2},"end":{"line":21,"column":61}},"line":21},"3":{"name":"(anonymous_3)","decl":{"start":{"line":24,"column":31},"end":{"line":24,"column":32}},"loc":{"start":{"line":24,"column":37},"end":{"line":35,"column":1}},"line":24},"4":{"name":"(anonymous_4)","decl":{"start":{"line":30,"column":56},"end":{"line":30,"column":57}},"loc":{"start":{"line":30,"column":73},"end":{"line":34,"column":3}},"line":30},"5":{"name":"(anonymous_5)","decl":{"start":{"line":38,"column":33},"end":{"line":38,"column":34}},"loc":{"start":{"line":38,"column":39},"end":{"line":47,"column":1}},"line":38},"6":{"name":"(anonymous_6)","decl":{"start":{"line":40,"column":49},"end":{"line":40,"column":50}},"loc":{"start":{"line":40,"column":66},"end":{"line":42,"column":3}},"line":40},"7":{"name":"(anonymous_7)","decl":{"start":{"line":42,"column":10},"end":{"line":42,"column":11}},"loc":{"start":{"line":42,"column":16},"end":{"line":44,"column":3}},"line":42},"8":{"name":"(anonymous_8)","decl":{"start":{"line":44,"column":11},"end":{"line":44,"column":12}},"loc":{"start":{"line":44,"column":27},"end":{"line":46,"column":3}},"line":44},"9":{"name":"(anonymous_9)","decl":{"start":{"line":49,"column":23},"end":{"line":49,"column":24}},"loc":{"start":{"line":50,"column":2},"end":{"line":53,"column":4}},"line":50},"10":{"name":"(anonymous_10)","decl":{"start":{"line":55,"column":23},"end":{"line":55,"column":24}},"loc":{"start":{"line":56,"column":2},"end":{"line":63,"column":6}},"line":56},"11":{"name":"(anonymous_11)","decl":{"start":{"line":57,"column":16},"end":{"line":57,"column":17}},"loc":{"start":{"line":57,"column":35},"end":{"line":63,"column":5}},"line":57},"12":{"name":"(anonymous_12)","decl":{"start":{"line":59,"column":28},"end":{"line":59,"column":29}},"loc":{"start":{"line":59,"column":37},"end":{"line":61,"column":7}},"line":59},"13":{"name":"(anonymous_13)","decl":{"start":{"line":65,"column":26},"end":{"line":65,"column":27}},"loc":{"start":{"line":66,"column":2},"end":{"line":66,"column":63}},"line":66},"14":{"name":"(anonymous_14)","decl":{"start":{"line":72,"column":24},"end":{"line":72,"column":25}},"loc":{"start":{"line":72,"column":51},"end":{"line":81,"column":1}},"line":72},"15":{"name":"(anonymous_15)","decl":{"start":{"line":78,"column":11},"end":{"line":78,"column":12}},"loc":{"start":{"line":78,"column":27},"end":{"line":80,"column":5}},"line":78},"16":{"name":"(anonymous_16)","decl":{"start":{"line":84,"column":27},"end":{"line":84,"column":28}},"loc":{"start":{"line":84,"column":39},"end":{"line":90,"column":1}},"line":84},"17":{"name":"(anonymous_17)","decl":{"start":{"line":86,"column":10},"end":{"line":86,"column":11}},"loc":{"start":{"line":86,"column":22},"end":{"line":89,"column":5}},"line":86},"18":{"name":"(anonymous_18)","decl":{"start":{"line":89,"column":13},"end":{"line":89,"column":14}},"loc":{"start":{"line":89,"column":19},"end":{"line":89,"column":21}},"line":89},"19":{"name":"(anonymous_19)","decl":{"start":{"line":93,"column":29},"end":{"line":93,"column":30}},"loc":{"start":{"line":93,"column":55},"end":{"line":98,"column":1}},"line":93}},"branchMap":{},"s":{"0":2,"1":0,"2":0,"3":0,"4":0,"5":2,"6":1,"7":2,"8":1,"9":1,"10":1,"11":2,"12":0,"13":0,"14":0,"15":0,"16":0,"17":2,"18":1,"19":2,"20":4,"21":4,"22":4,"23":7,"24":4,"25":2,"26":1,"27":2,"28":0,"29":0,"30":0,"31":2,"32":1,"33":1,"34":1,"35":2,"36":1,"37":1},"f":{"0":0,"1":0,"2":1,"3":1,"4":1,"5":0,"6":0,"7":0,"8":0,"9":1,"10":4,"11":4,"12":7,"13":1,"14":0,"15":0,"16":1,"17":1,"18":0,"19":1},"b":{},"_coverageSchema":"332fd63041d2c1bcb487cc26dd0d5f7d97098a6c","hash":"4bf2d1956bb7fd585295d0c1cc4a463ef6b89d54"}
}
