TN:
SF:C:\Users\ivan_\Desktop\PROYECTO RED SOCIAL\LIM008-social-network\src\lib\controller.js
FN:1,(anonymous_0)
FN:12,(anonymous_1)
FN:20,(anonymous_2)
FN:24,(anonymous_3)
FN:30,(anonymous_4)
FN:38,(anonymous_5)
FN:40,(anonymous_6)
FN:42,(anonymous_7)
FN:44,(anonymous_8)
FN:49,(anonymous_9)
FN:55,(anonymous_10)
FN:57,(anonymous_11)
FN:59,(anonymous_12)
FN:65,(anonymous_13)
FN:72,(anonymous_14)
FN:78,(anonymous_15)
FN:84,(anonymous_16)
FN:86,(anonymous_17)
FN:89,(anonymous_18)
FN:93,(anonymous_19)
FNF:20
FNH:11
FNDA:0,(anonymous_0)
FNDA:0,(anonymous_1)
FNDA:1,(anonymous_2)
FNDA:1,(anonymous_3)
FNDA:1,(anonymous_4)
FNDA:0,(anonymous_5)
FNDA:0,(anonymous_6)
FNDA:0,(anonymous_7)
FNDA:0,(anonymous_8)
FNDA:1,(anonymous_9)
FNDA:4,(anonymous_10)
FNDA:4,(anonymous_11)
FNDA:7,(anonymous_12)
FNDA:1,(anonymous_13)
FNDA:0,(anonymous_14)
FNDA:0,(anonymous_15)
FNDA:1,(anonymous_16)
FNDA:1,(anonymous_17)
FNDA:0,(anonymous_18)
FNDA:1,(anonymous_19)
DA:1,2
DA:2,0
DA:13,0
DA:14,0
DA:16,0
DA:20,2
DA:21,1
DA:24,2
DA:25,1
DA:30,1
DA:33,1
DA:38,2
DA:39,0
DA:40,0
DA:41,0
DA:43,0
DA:45,0
DA:49,2
DA:50,1
DA:55,2
DA:56,4
DA:58,4
DA:59,4
DA:60,7
DA:62,4
DA:65,2
DA:66,1
DA:72,2
DA:73,0
DA:75,0
DA:79,0
DA:84,2
DA:85,1
DA:87,1
DA:88,1
DA:93,2
DA:94,1
DA:95,1
LF:38
LH:26
BRF:0
BRH:0
end_of_record
