TN:
SF:C:\Users\Laboratoria\Documents\PROYECTO RED SOCIAL\LIM008-social-network\src\lib\controller.js
FN:1,(anonymous_0)
FN:12,(anonymous_1)
FN:20,(anonymous_2)
FN:24,(anonymous_3)
FN:30,(anonymous_4)
FN:38,(anonymous_5)
FN:40,(anonymous_6)
FN:42,(anonymous_7)
FN:44,(anonymous_8)
FN:49,(anonymous_9)
FN:54,(anonymous_10)
FN:56,(anonymous_11)
FN:58,(anonymous_12)
FN:64,(anonymous_13)
FN:71,(anonymous_14)
FN:77,(anonymous_15)
FN:83,(anonymous_16)
FN:85,count
FNF:18
FNH:8
FNDA:0,(anonymous_0)
FNDA:0,(anonymous_1)
FNDA:1,(anonymous_2)
FNDA:1,(anonymous_3)
FNDA:1,(anonymous_4)
FNDA:0,(anonymous_5)
FNDA:0,(anonymous_6)
FNDA:0,(anonymous_7)
FNDA:0,(anonymous_8)
FNDA:1,(anonymous_9)
FNDA:2,(anonymous_10)
FNDA:2,(anonymous_11)
FNDA:3,(anonymous_12)
FNDA:1,(anonymous_13)
FNDA:0,(anonymous_14)
FNDA:0,(anonymous_15)
FNDA:0,(anonymous_16)
FNDA:0,count
DA:1,2
DA:2,0
DA:13,0
DA:14,0
DA:16,0
DA:20,2
DA:21,1
DA:24,2
DA:25,1
DA:30,1
DA:33,1
DA:38,2
DA:39,0
DA:40,0
DA:41,0
DA:43,0
DA:45,0
DA:49,2
DA:50,1
DA:54,2
DA:55,2
DA:57,2
DA:58,2
DA:59,3
DA:61,2
DA:64,2
DA:65,1
DA:71,2
DA:72,0
DA:74,0
DA:78,0
DA:83,2
DA:84,0
DA:86,0
DA:88,0
DA:89,0
LF:36
LH:20
BRF:0
BRH:0
end_of_record
